2017/12/19 07:15:52 [error] [exception.CHttpException.404] CHttpException: Unable to resolve the request "gii". in E:\xampp\htdocs\Yiix\framework\web\CWebApplication.php:286
Stack trace:
#0 E:\xampp\htdocs\Yiix\framework\web\CWebApplication.php(141): CWebApplication->runController('gii')
#1 E:\xampp\htdocs\Yiix\framework\base\CApplication.php(184): CWebApplication->processRequest()
#2 E:\xampp\htdocs\e-health\index.php(13): CApplication->run()
#3 {main}
REQUEST_URI=/e-health/index.php?r=gii
---
2017/12/19 07:34:21 [error] [exception.ParseError] ParseError: syntax error, unexpected '=>' (T_DOUBLE_ARROW), expecting ',' or ')' in E:\xampp\htdocs\e-health\protected\views\site\index.php:18
Stack trace:
#0 E:\xampp\htdocs\Yiix\framework\web\CBaseController.php(95): CBaseController->renderInternal('E:\\xampp\\htdocs...', NULL, true)
#1 E:\xampp\htdocs\Yiix\framework\web\CController.php(869): CBaseController->renderFile('E:\\xampp\\htdocs...', NULL, true)
#2 E:\xampp\htdocs\Yiix\framework\web\CController.php(782): CController->renderPartial('index', NULL, true)
#3 E:\xampp\htdocs\e-health\protected\controllers\SiteController.php(32): CController->render('index')
#4 E:\xampp\htdocs\Yiix\framework\web\actions\CInlineAction.php(49): SiteController->actionIndex()
#5 E:\xampp\htdocs\Yiix\framework\web\CController.php(308): CInlineAction->runWithParams(Array)
#6 E:\xampp\htdocs\Yiix\framework\web\CController.php(286): CController->runAction(Object(CInlineAction))
#7 E:\xampp\htdocs\Yiix\framework\web\CController.php(265): CController->runActionWithFilters(Object(CInlineAction), Array)
#8 E:\xampp\htdocs\Yiix\framework\web\CWebApplication.php(282): CController->run('')
#9 E:\xampp\htdocs\Yiix\framework\web\CWebApplication.php(141): CWebApplication->runController('')
#10 E:\xampp\htdocs\Yiix\framework\base\CApplication.php(184): CWebApplication->processRequest()
#11 E:\xampp\htdocs\e-health\index.php(13): CApplication->run()
#12 {main}
REQUEST_URI=/e-health/
---
2017/12/19 07:35:08 [error] [php] Array to string conversion (E:\xampp\htdocs\Yiix\framework\web\helpers\CHtml.php:167)
Stack trace:
#0 E:\xampp\htdocs\Yiix\framework\web\CBaseController.php(126): require()
#1 E:\xampp\htdocs\Yiix\framework\web\CBaseController.php(95): SiteController->renderInternal()
#2 E:\xampp\htdocs\Yiix\framework\web\CController.php(869): SiteController->renderFile()
#3 E:\xampp\htdocs\Yiix\framework\web\CController.php(782): SiteController->renderPartial()
#4 E:\xampp\htdocs\e-health\protected\controllers\SiteController.php(32): SiteController->render()
#5 E:\xampp\htdocs\Yiix\framework\web\actions\CInlineAction.php(49): SiteController->actionIndex()
#6 E:\xampp\htdocs\Yiix\framework\web\CController.php(308): CInlineAction->runWithParams()
#7 E:\xampp\htdocs\Yiix\framework\web\CController.php(286): SiteController->runAction()
#8 E:\xampp\htdocs\Yiix\framework\web\CController.php(265): SiteController->runActionWithFilters()
#9 E:\xampp\htdocs\Yiix\framework\web\CWebApplication.php(282): SiteController->run()
#10 E:\xampp\htdocs\Yiix\framework\web\CWebApplication.php(141): CWebApplication->runController()
#11 E:\xampp\htdocs\Yiix\framework\base\CApplication.php(184): CWebApplication->processRequest()
#12 E:\xampp\htdocs\e-health\index.php(13): CWebApplication->run()
REQUEST_URI=/e-health/
in E:\xampp\htdocs\e-health\protected\views\site\index.php (18)
in E:\xampp\htdocs\e-health\protected\controllers\SiteController.php (32)
in E:\xampp\htdocs\e-health\index.php (13)
2017/12/19 07:35:49 [error] [php] Array to string conversion (E:\xampp\htdocs\Yiix\framework\web\helpers\CHtml.php:167)
Stack trace:
#0 E:\xampp\htdocs\Yiix\framework\web\CBaseController.php(126): require()
#1 E:\xampp\htdocs\Yiix\framework\web\CBaseController.php(95): SiteController->renderInternal()
#2 E:\xampp\htdocs\Yiix\framework\web\CController.php(869): SiteController->renderFile()
#3 E:\xampp\htdocs\Yiix\framework\web\CController.php(782): SiteController->renderPartial()
#4 E:\xampp\htdocs\e-health\protected\controllers\SiteController.php(32): SiteController->render()
#5 E:\xampp\htdocs\Yiix\framework\web\actions\CInlineAction.php(49): SiteController->actionIndex()
#6 E:\xampp\htdocs\Yiix\framework\web\CController.php(308): CInlineAction->runWithParams()
#7 E:\xampp\htdocs\Yiix\framework\web\CController.php(286): SiteController->runAction()
#8 E:\xampp\htdocs\Yiix\framework\web\CController.php(265): SiteController->runActionWithFilters()
#9 E:\xampp\htdocs\Yiix\framework\web\CWebApplication.php(282): SiteController->run()
#10 E:\xampp\htdocs\Yiix\framework\web\CWebApplication.php(141): CWebApplication->runController()
#11 E:\xampp\htdocs\Yiix\framework\base\CApplication.php(184): CWebApplication->processRequest()
#12 E:\xampp\htdocs\e-health\index.php(13): CWebApplication->run()
REQUEST_URI=/e-health/
in E:\xampp\htdocs\e-health\protected\views\site\index.php (18)
in E:\xampp\htdocs\e-health\protected\controllers\SiteController.php (32)
in E:\xampp\htdocs\e-health\index.php (13)
2017/12/19 07:35:59 [error] [php] Array to string conversion (E:\xampp\htdocs\Yiix\framework\web\helpers\CHtml.php:167)
Stack trace:
#0 E:\xampp\htdocs\Yiix\framework\web\CBaseController.php(126): require()
#1 E:\xampp\htdocs\Yiix\framework\web\CBaseController.php(95): SiteController->renderInternal()
#2 E:\xampp\htdocs\Yiix\framework\web\CController.php(869): SiteController->renderFile()
#3 E:\xampp\htdocs\Yiix\framework\web\CController.php(782): SiteController->renderPartial()
#4 E:\xampp\htdocs\e-health\protected\controllers\SiteController.php(32): SiteController->render()
#5 E:\xampp\htdocs\Yiix\framework\web\actions\CInlineAction.php(49): SiteController->actionIndex()
#6 E:\xampp\htdocs\Yiix\framework\web\CController.php(308): CInlineAction->runWithParams()
#7 E:\xampp\htdocs\Yiix\framework\web\CController.php(286): SiteController->runAction()
#8 E:\xampp\htdocs\Yiix\framework\web\CController.php(265): SiteController->runActionWithFilters()
#9 E:\xampp\htdocs\Yiix\framework\web\CWebApplication.php(282): SiteController->run()
#10 E:\xampp\htdocs\Yiix\framework\web\CWebApplication.php(141): CWebApplication->runController()
#11 E:\xampp\htdocs\Yiix\framework\base\CApplication.php(184): CWebApplication->processRequest()
#12 E:\xampp\htdocs\e-health\index.php(13): CWebApplication->run()
REQUEST_URI=/e-health/
in E:\xampp\htdocs\e-health\protected\views\site\index.php (18)
in E:\xampp\htdocs\e-health\protected\controllers\SiteController.php (32)
in E:\xampp\htdocs\e-health\index.php (13)
2017/12/19 07:39:36 [error] [exception.CHttpException.404] CHttpException: The requested page does not exist. in E:\xampp\htdocs\e-health\protected\controllers\RumahSakitController.php:157
Stack trace:
#0 E:\xampp\htdocs\e-health\protected\controllers\RumahSakitController.php(55): RumahSakitController->loadModel('1')
#1 [internal function]: RumahSakitController->actionView('1')
#2 E:\xampp\htdocs\Yiix\framework\web\actions\CAction.php(109): ReflectionMethod->invokeArgs(Object(RumahSakitController), Array)
#3 E:\xampp\htdocs\Yiix\framework\web\actions\CInlineAction.php(47): CAction->runWithParamsInternal(Object(RumahSakitController), Object(ReflectionMethod), Array)
#4 E:\xampp\htdocs\Yiix\framework\web\CController.php(308): CInlineAction->runWithParams(Array)
#5 E:\xampp\htdocs\Yiix\framework\web\filters\CFilterChain.php(133): CController->runAction(Object(CInlineAction))
#6 E:\xampp\htdocs\Yiix\framework\web\filters\CFilter.php(40): CFilterChain->run()
#7 E:\xampp\htdocs\Yiix\framework\web\CController.php(1145): CFilter->filter(Object(CFilterChain))
#8 E:\xampp\htdocs\Yiix\framework\web\filters\CInlineFilter.php(58): CController->filterAccessControl(Object(CFilterChain))
#9 E:\xampp\htdocs\Yiix\framework\web\filters\CFilterChain.php(130): CInlineFilter->filter(Object(CFilterChain))
#10 E:\xampp\htdocs\Yiix\framework\web\CController.php(291): CFilterChain->run()
#11 E:\xampp\htdocs\Yiix\framework\web\CController.php(265): CController->runActionWithFilters(Object(CInlineAction), Array)
#12 E:\xampp\htdocs\Yiix\framework\web\CWebApplication.php(282): CController->run('view')
#13 E:\xampp\htdocs\Yiix\framework\web\CWebApplication.php(141): CWebApplication->runController('rumahSakit/view')
#14 E:\xampp\htdocs\Yiix\framework\base\CApplication.php(184): CWebApplication->processRequest()
#15 E:\xampp\htdocs\e-health\index.php(13): CApplication->run()
#16 {main}
REQUEST_URI=/e-health/index.php?r=rumahSakit/view&id=1
HTTP_REFERER=http://localhost/e-health/
---
2017/12/21 05:49:10 [error] [exception.CHttpException.404] CHttpException: The system is unable to find the requested action "rumahSakit". in E:\xampp\htdocs\Yiix\framework\web\CController.php:483
Stack trace:
#0 E:\xampp\htdocs\Yiix\framework\web\CController.php(270): CController->missingAction('rumahSakit')
#1 E:\xampp\htdocs\Yiix\framework\web\CWebApplication.php(282): CController->run('rumahSakit')
#2 E:\xampp\htdocs\Yiix\framework\web\CWebApplication.php(141): CWebApplication->runController('rumahSakit/ruma...')
#3 E:\xampp\htdocs\Yiix\framework\base\CApplication.php(184): CWebApplication->processRequest()
#4 E:\xampp\htdocs\e-health\index.php(13): CApplication->run()
#5 {main}
REQUEST_URI=/e-health/index.php?r=rumahSakit/rumahSakit
HTTP_REFERER=http://localhost/e-health/
---
2017/12/21 06:04:06 [error] [exception.CHttpException.404] CHttpException: The system is unable to find the requested action "create". in E:\xampp\htdocs\Yiix\framework\web\CController.php:483
Stack trace:
#0 E:\xampp\htdocs\Yiix\framework\web\CController.php(270): CController->missingAction('create')
#1 E:\xampp\htdocs\Yiix\framework\web\CWebApplication.php(282): CController->run('create')
#2 E:\xampp\htdocs\Yiix\framework\web\CWebApplication.php(141): CWebApplication->runController('site/create')
#3 E:\xampp\htdocs\Yiix\framework\base\CApplication.php(184): CWebApplication->processRequest()
#4 E:\xampp\htdocs\e-health\index.php(13): CApplication->run()
#5 {main}
REQUEST_URI=/e-health/index.php?r=site/create
---
2017/12/21 06:36:25 [error] [exception.ParseError] ParseError: syntax error, unexpected 'endif' (T_ENDIF) in E:\xampp\htdocs\e-health\protected\views\rumahSakit\profil-rumahsakit.php:114
Stack trace:
#0 E:\xampp\htdocs\Yiix\framework\web\CBaseController.php(95): CBaseController->renderInternal('E:\\xampp\\htdocs...', NULL, true)
#1 E:\xampp\htdocs\Yiix\framework\web\CController.php(869): CBaseController->renderFile('E:\\xampp\\htdocs...', NULL, true)
#2 E:\xampp\htdocs\Yiix\framework\web\CController.php(782): CController->renderPartial('profil-rumahsak...', NULL, true)
#3 E:\xampp\htdocs\e-health\protected\controllers\RumahSakitController.php(61): CController->render('profil-rumahsak...')
#4 E:\xampp\htdocs\Yiix\framework\web\actions\CInlineAction.php(49): RumahSakitController->actionRumahSakit()
#5 E:\xampp\htdocs\Yiix\framework\web\CController.php(308): CInlineAction->runWithParams(Array)
#6 E:\xampp\htdocs\Yiix\framework\web\filters\CFilterChain.php(133): CController->runAction(Object(CInlineAction))
#7 E:\xampp\htdocs\Yiix\framework\web\filters\CFilter.php(40): CFilterChain->run()
#8 E:\xampp\htdocs\Yiix\framework\web\CController.php(1145): CFilter->filter(Object(CFilterChain))
#9 E:\xampp\htdocs\Yiix\framework\web\filters\CInlineFilter.php(58): CController->filterAccessControl(Object(CFilterChain))
#10 E:\xampp\htdocs\Yiix\framework\web\filters\CFilterChain.php(130): CInlineFilter->filter(Object(CFilterChain))
#11 E:\xampp\htdocs\Yiix\framework\web\CController.php(291): CFilterChain->run()
#12 E:\xampp\htdocs\Yiix\framework\web\CController.php(265): CController->runActionWithFilters(Object(CInlineAction), Array)
#13 E:\xampp\htdocs\Yiix\framework\web\CWebApplication.php(282): CController->run('rumahsakit')
#14 E:\xampp\htdocs\Yiix\framework\web\CWebApplication.php(141): CWebApplication->runController('rumahSakit/ruma...')
#15 E:\xampp\htdocs\Yiix\framework\base\CApplication.php(184): CWebApplication->processRequest()
#16 E:\xampp\htdocs\e-health\index.php(13): CApplication->run()
#17 {main}
REQUEST_URI=/e-health/index.php?r=rumahSakit/rumahsakit
---
2017/12/21 06:36:34 [error] [exception.ParseError] ParseError: syntax error, unexpected 'endif' (T_ENDIF) in E:\xampp\htdocs\e-health\protected\views\rumahSakit\profil-rumahsakit.php:114
Stack trace:
#0 E:\xampp\htdocs\Yiix\framework\web\CBaseController.php(95): CBaseController->renderInternal('E:\\xampp\\htdocs...', NULL, true)
#1 E:\xampp\htdocs\Yiix\framework\web\CController.php(869): CBaseController->renderFile('E:\\xampp\\htdocs...', NULL, true)
#2 E:\xampp\htdocs\Yiix\framework\web\CController.php(782): CController->renderPartial('profil-rumahsak...', NULL, true)
#3 E:\xampp\htdocs\e-health\protected\controllers\RumahSakitController.php(61): CController->render('profil-rumahsak...')
#4 E:\xampp\htdocs\Yiix\framework\web\actions\CInlineAction.php(49): RumahSakitController->actionRumahSakit()
#5 E:\xampp\htdocs\Yiix\framework\web\CController.php(308): CInlineAction->runWithParams(Array)
#6 E:\xampp\htdocs\Yiix\framework\web\filters\CFilterChain.php(133): CController->runAction(Object(CInlineAction))
#7 E:\xampp\htdocs\Yiix\framework\web\filters\CFilter.php(40): CFilterChain->run()
#8 E:\xampp\htdocs\Yiix\framework\web\CController.php(1145): CFilter->filter(Object(CFilterChain))
#9 E:\xampp\htdocs\Yiix\framework\web\filters\CInlineFilter.php(58): CController->filterAccessControl(Object(CFilterChain))
#10 E:\xampp\htdocs\Yiix\framework\web\filters\CFilterChain.php(130): CInlineFilter->filter(Object(CFilterChain))
#11 E:\xampp\htdocs\Yiix\framework\web\CController.php(291): CFilterChain->run()
#12 E:\xampp\htdocs\Yiix\framework\web\CController.php(265): CController->runActionWithFilters(Object(CInlineAction), Array)
#13 E:\xampp\htdocs\Yiix\framework\web\CWebApplication.php(282): CController->run('rumahsakit')
#14 E:\xampp\htdocs\Yiix\framework\web\CWebApplication.php(141): CWebApplication->runController('rumahSakit/ruma...')
#15 E:\xampp\htdocs\Yiix\framework\base\CApplication.php(184): CWebApplication->processRequest()
#16 E:\xampp\htdocs\e-health\index.php(13): CApplication->run()
#17 {main}
REQUEST_URI=/e-health/index.php?r=rumahSakit/rumahsakit
---
2017/12/21 06:36:41 [error] [exception.ParseError] ParseError: syntax error, unexpected 'endif' (T_ENDIF) in E:\xampp\htdocs\e-health\protected\views\rumahSakit\profil-rumahsakit.php:114
Stack trace:
#0 E:\xampp\htdocs\Yiix\framework\web\CBaseController.php(95): CBaseController->renderInternal('E:\\xampp\\htdocs...', NULL, true)
#1 E:\xampp\htdocs\Yiix\framework\web\CController.php(869): CBaseController->renderFile('E:\\xampp\\htdocs...', NULL, true)
#2 E:\xampp\htdocs\Yiix\framework\web\CController.php(782): CController->renderPartial('profil-rumahsak...', NULL, true)
#3 E:\xampp\htdocs\e-health\protected\controllers\RumahSakitController.php(61): CController->render('profil-rumahsak...')
#4 E:\xampp\htdocs\Yiix\framework\web\actions\CInlineAction.php(49): RumahSakitController->actionRumahSakit()
#5 E:\xampp\htdocs\Yiix\framework\web\CController.php(308): CInlineAction->runWithParams(Array)
#6 E:\xampp\htdocs\Yiix\framework\web\filters\CFilterChain.php(133): CController->runAction(Object(CInlineAction))
#7 E:\xampp\htdocs\Yiix\framework\web\filters\CFilter.php(40): CFilterChain->run()
#8 E:\xampp\htdocs\Yiix\framework\web\CController.php(1145): CFilter->filter(Object(CFilterChain))
#9 E:\xampp\htdocs\Yiix\framework\web\filters\CInlineFilter.php(58): CController->filterAccessControl(Object(CFilterChain))
#10 E:\xampp\htdocs\Yiix\framework\web\filters\CFilterChain.php(130): CInlineFilter->filter(Object(CFilterChain))
#11 E:\xampp\htdocs\Yiix\framework\web\CController.php(291): CFilterChain->run()
#12 E:\xampp\htdocs\Yiix\framework\web\CController.php(265): CController->runActionWithFilters(Object(CInlineAction), Array)
#13 E:\xampp\htdocs\Yiix\framework\web\CWebApplication.php(282): CController->run('rumahsakit')
#14 E:\xampp\htdocs\Yiix\framework\web\CWebApplication.php(141): CWebApplication->runController('rumahSakit/ruma...')
#15 E:\xampp\htdocs\Yiix\framework\base\CApplication.php(184): CWebApplication->processRequest()
#16 E:\xampp\htdocs\e-health\index.php(13): CApplication->run()
#17 {main}
REQUEST_URI=/e-health/index.php?r=rumahSakit/rumahsakit
---
2017/12/21 06:37:08 [error] [exception.ParseError] ParseError: syntax error, unexpected '(', expecting ';' in E:\xampp\htdocs\e-health\protected\views\rumahSakit\profil-rumahsakit.php:114
Stack trace:
#0 E:\xampp\htdocs\Yiix\framework\web\CBaseController.php(95): CBaseController->renderInternal('E:\\xampp\\htdocs...', NULL, true)
#1 E:\xampp\htdocs\Yiix\framework\web\CController.php(869): CBaseController->renderFile('E:\\xampp\\htdocs...', NULL, true)
#2 E:\xampp\htdocs\Yiix\framework\web\CController.php(782): CController->renderPartial('profil-rumahsak...', NULL, true)
#3 E:\xampp\htdocs\e-health\protected\controllers\RumahSakitController.php(61): CController->render('profil-rumahsak...')
#4 E:\xampp\htdocs\Yiix\framework\web\actions\CInlineAction.php(49): RumahSakitController->actionRumahSakit()
#5 E:\xampp\htdocs\Yiix\framework\web\CController.php(308): CInlineAction->runWithParams(Array)
#6 E:\xampp\htdocs\Yiix\framework\web\filters\CFilterChain.php(133): CController->runAction(Object(CInlineAction))
#7 E:\xampp\htdocs\Yiix\framework\web\filters\CFilter.php(40): CFilterChain->run()
#8 E:\xampp\htdocs\Yiix\framework\web\CController.php(1145): CFilter->filter(Object(CFilterChain))
#9 E:\xampp\htdocs\Yiix\framework\web\filters\CInlineFilter.php(58): CController->filterAccessControl(Object(CFilterChain))
#10 E:\xampp\htdocs\Yiix\framework\web\filters\CFilterChain.php(130): CInlineFilter->filter(Object(CFilterChain))
#11 E:\xampp\htdocs\Yiix\framework\web\CController.php(291): CFilterChain->run()
#12 E:\xampp\htdocs\Yiix\framework\web\CController.php(265): CController->runActionWithFilters(Object(CInlineAction), Array)
#13 E:\xampp\htdocs\Yiix\framework\web\CWebApplication.php(282): CController->run('rumahsakit')
#14 E:\xampp\htdocs\Yiix\framework\web\CWebApplication.php(141): CWebApplication->runController('rumahSakit/ruma...')
#15 E:\xampp\htdocs\Yiix\framework\base\CApplication.php(184): CWebApplication->processRequest()
#16 E:\xampp\htdocs\e-health\index.php(13): CApplication->run()
#17 {main}
REQUEST_URI=/e-health/index.php?r=rumahSakit/rumahsakit
---
2017/12/21 06:37:14 [error] [exception.ParseError] ParseError: syntax error, unexpected '(', expecting ';' in E:\xampp\htdocs\e-health\protected\views\rumahSakit\profil-rumahsakit.php:114
Stack trace:
#0 E:\xampp\htdocs\Yiix\framework\web\CBaseController.php(95): CBaseController->renderInternal('E:\\xampp\\htdocs...', NULL, true)
#1 E:\xampp\htdocs\Yiix\framework\web\CController.php(869): CBaseController->renderFile('E:\\xampp\\htdocs...', NULL, true)
#2 E:\xampp\htdocs\Yiix\framework\web\CController.php(782): CController->renderPartial('profil-rumahsak...', NULL, true)
#3 E:\xampp\htdocs\e-health\protected\controllers\RumahSakitController.php(61): CController->render('profil-rumahsak...')
#4 E:\xampp\htdocs\Yiix\framework\web\actions\CInlineAction.php(49): RumahSakitController->actionRumahSakit()
#5 E:\xampp\htdocs\Yiix\framework\web\CController.php(308): CInlineAction->runWithParams(Array)
#6 E:\xampp\htdocs\Yiix\framework\web\filters\CFilterChain.php(133): CController->runAction(Object(CInlineAction))
#7 E:\xampp\htdocs\Yiix\framework\web\filters\CFilter.php(40): CFilterChain->run()
#8 E:\xampp\htdocs\Yiix\framework\web\CController.php(1145): CFilter->filter(Object(CFilterChain))
#9 E:\xampp\htdocs\Yiix\framework\web\filters\CInlineFilter.php(58): CController->filterAccessControl(Object(CFilterChain))
#10 E:\xampp\htdocs\Yiix\framework\web\filters\CFilterChain.php(130): CInlineFilter->filter(Object(CFilterChain))
#11 E:\xampp\htdocs\Yiix\framework\web\CController.php(291): CFilterChain->run()
#12 E:\xampp\htdocs\Yiix\framework\web\CController.php(265): CController->runActionWithFilters(Object(CInlineAction), Array)
#13 E:\xampp\htdocs\Yiix\framework\web\CWebApplication.php(282): CController->run('rumahsakit')
#14 E:\xampp\htdocs\Yiix\framework\web\CWebApplication.php(141): CWebApplication->runController('rumahSakit/ruma...')
#15 E:\xampp\htdocs\Yiix\framework\base\CApplication.php(184): CWebApplication->processRequest()
#16 E:\xampp\htdocs\e-health\index.php(13): CApplication->run()
#17 {main}
REQUEST_URI=/e-health/index.php?r=rumahSakit/rumahsakit
---
2017/12/21 06:38:22 [error] [exception.ParseError] ParseError: syntax error, unexpected 'endif' (T_ENDIF) in E:\xampp\htdocs\e-health\protected\views\rumahSakit\profil-rumahsakit.php:114
Stack trace:
#0 E:\xampp\htdocs\Yiix\framework\web\CBaseController.php(95): CBaseController->renderInternal('E:\\xampp\\htdocs...', NULL, true)
#1 E:\xampp\htdocs\Yiix\framework\web\CController.php(869): CBaseController->renderFile('E:\\xampp\\htdocs...', NULL, true)
#2 E:\xampp\htdocs\Yiix\framework\web\CController.php(782): CController->renderPartial('profil-rumahsak...', NULL, true)
#3 E:\xampp\htdocs\e-health\protected\controllers\RumahSakitController.php(61): CController->render('profil-rumahsak...')
#4 E:\xampp\htdocs\Yiix\framework\web\actions\CInlineAction.php(49): RumahSakitController->actionRumahSakit()
#5 E:\xampp\htdocs\Yiix\framework\web\CController.php(308): CInlineAction->runWithParams(Array)
#6 E:\xampp\htdocs\Yiix\framework\web\filters\CFilterChain.php(133): CController->runAction(Object(CInlineAction))
#7 E:\xampp\htdocs\Yiix\framework\web\filters\CFilter.php(40): CFilterChain->run()
#8 E:\xampp\htdocs\Yiix\framework\web\CController.php(1145): CFilter->filter(Object(CFilterChain))
#9 E:\xampp\htdocs\Yiix\framework\web\filters\CInlineFilter.php(58): CController->filterAccessControl(Object(CFilterChain))
#10 E:\xampp\htdocs\Yiix\framework\web\filters\CFilterChain.php(130): CInlineFilter->filter(Object(CFilterChain))
#11 E:\xampp\htdocs\Yiix\framework\web\CController.php(291): CFilterChain->run()
#12 E:\xampp\htdocs\Yiix\framework\web\CController.php(265): CController->runActionWithFilters(Object(CInlineAction), Array)
#13 E:\xampp\htdocs\Yiix\framework\web\CWebApplication.php(282): CController->run('rumahsakit')
#14 E:\xampp\htdocs\Yiix\framework\web\CWebApplication.php(141): CWebApplication->runController('rumahSakit/ruma...')
#15 E:\xampp\htdocs\Yiix\framework\base\CApplication.php(184): CWebApplication->processRequest()
#16 E:\xampp\htdocs\e-health\index.php(13): CApplication->run()
#17 {main}
REQUEST_URI=/e-health/index.php?r=rumahSakit/rumahsakit
---
2017/12/21 08:28:43 [error] [exception.CException] CException: Property "Testimonial.image" is not defined. in E:\xampp\htdocs\Yiix\framework\base\CComponent.php:130
Stack trace:
#0 E:\xampp\htdocs\Yiix\framework\db\ar\CActiveRecord.php(145): CComponent->__get('image')
#1 E:\xampp\htdocs\e-health\protected\views\rumahSakit\profil-rumahsakit.php(148): CActiveRecord->__get('image')
#2 E:\xampp\htdocs\Yiix\framework\web\CBaseController.php(126): require('E:\\xampp\\htdocs...')
#3 E:\xampp\htdocs\Yiix\framework\web\CBaseController.php(95): CBaseController->renderInternal('E:\\xampp\\htdocs...', NULL, true)
#4 E:\xampp\htdocs\Yiix\framework\web\CController.php(869): CBaseController->renderFile('E:\\xampp\\htdocs...', NULL, true)
#5 E:\xampp\htdocs\Yiix\framework\web\CController.php(782): CController->renderPartial('profil-rumahsak...', NULL, true)
#6 E:\xampp\htdocs\e-health\protected\controllers\RumahSakitController.php(62): CController->render('profil-rumahsak...')
#7 E:\xampp\htdocs\Yiix\framework\web\actions\CInlineAction.php(49): RumahSakitController->actionRumahSakit()
#8 E:\xampp\htdocs\Yiix\framework\web\CController.php(308): CInlineAction->runWithParams(Array)
#9 E:\xampp\htdocs\Yiix\framework\web\filters\CFilterChain.php(133): CController->runAction(Object(CInlineAction))
#10 E:\xampp\htdocs\Yiix\framework\web\filters\CFilter.php(40): CFilterChain->run()
#11 E:\xampp\htdocs\Yiix\framework\web\CController.php(1145): CFilter->filter(Object(CFilterChain))
#12 E:\xampp\htdocs\Yiix\framework\web\filters\CInlineFilter.php(58): CController->filterAccessControl(Object(CFilterChain))
#13 E:\xampp\htdocs\Yiix\framework\web\filters\CFilterChain.php(130): CInlineFilter->filter(Object(CFilterChain))
#14 E:\xampp\htdocs\Yiix\framework\web\CController.php(291): CFilterChain->run()
#15 E:\xampp\htdocs\Yiix\framework\web\CController.php(265): CController->runActionWithFilters(Object(CInlineAction), Array)
#16 E:\xampp\htdocs\Yiix\framework\web\CWebApplication.php(282): CController->run('rumahsakit')
#17 E:\xampp\htdocs\Yiix\framework\web\CWebApplication.php(141): CWebApplication->runController('rumahSakit/ruma...')
#18 E:\xampp\htdocs\Yiix\framework\base\CApplication.php(184): CWebApplication->processRequest()
#19 E:\xampp\htdocs\e-health\index.php(13): CApplication->run()
#20 {main}
REQUEST_URI=/e-health/index.php?r=rumahSakit/rumahsakit
---
2017/12/21 08:31:28 [error] [php] htmlspecialchars() expects parameter 1 to be string, array given (E:\xampp\htdocs\Yiix\framework\web\helpers\CHtml.php:108)
Stack trace:
#0 E:\xampp\htdocs\Yiix\framework\web\helpers\CHtml.php(163): renderAttributes()
#1 E:\xampp\htdocs\Yiix\framework\web\helpers\CHtml.php(457): tag()
#2 E:\xampp\htdocs\e-health\protected\views\rumahSakit\profil-rumahsakit.php(148): image()
#3 E:\xampp\htdocs\Yiix\framework\web\CBaseController.php(126): require()
#4 E:\xampp\htdocs\Yiix\framework\web\CBaseController.php(95): RumahSakitController->renderInternal()
#5 E:\xampp\htdocs\Yiix\framework\web\CController.php(869): RumahSakitController->renderFile()
#6 E:\xampp\htdocs\Yiix\framework\web\CController.php(782): RumahSakitController->renderPartial()
#7 E:\xampp\htdocs\e-health\protected\controllers\RumahSakitController.php(62): RumahSakitController->render()
#8 E:\xampp\htdocs\Yiix\framework\web\actions\CInlineAction.php(49): RumahSakitController->actionRumahSakit()
#9 E:\xampp\htdocs\Yiix\framework\web\CController.php(308): CInlineAction->runWithParams()
#10 E:\xampp\htdocs\Yiix\framework\web\filters\CFilterChain.php(133): RumahSakitController->runAction()
#11 E:\xampp\htdocs\Yiix\framework\web\filters\CFilter.php(40): CFilterChain->run()
#12 E:\xampp\htdocs\Yiix\framework\web\CController.php(1145): CAccessControlFilter->filter()
#13 E:\xampp\htdocs\Yiix\framework\web\filters\CInlineFilter.php(58): RumahSakitController->filterAccessControl()
#14 E:\xampp\htdocs\Yiix\framework\web\filters\CFilterChain.php(130): CInlineFilter->filter()
#15 E:\xampp\htdocs\Yiix\framework\web\CController.php(291): CFilterChain->run()
#16 E:\xampp\htdocs\Yiix\framework\web\CController.php(265): RumahSakitController->runActionWithFilters()
#17 E:\xampp\htdocs\Yiix\framework\web\CWebApplication.php(282): RumahSakitController->run()
#18 E:\xampp\htdocs\Yiix\framework\web\CWebApplication.php(141): CWebApplication->runController()
#19 E:\xampp\htdocs\Yiix\framework\base\CApplication.php(184): CWebApplication->processRequest()
#20 E:\xampp\htdocs\e-health\index.php(13): CWebApplication->run()
REQUEST_URI=/e-health/index.php?r=rumahSakit/rumahsakit
in E:\xampp\htdocs\e-health\protected\views\rumahSakit\profil-rumahsakit.php (148)
in E:\xampp\htdocs\e-health\protected\controllers\RumahSakitController.php (62)
in E:\xampp\htdocs\e-health\index.php (13)
2017/12/21 08:32:38 [error] [exception.ParseError] ParseError: syntax error, unexpected ''width'' (T_CONSTANT_ENCAPSED_STRING), expecting ')' in E:\xampp\htdocs\e-health\protected\views\rumahSakit\profil-rumahsakit.php:148
Stack trace:
#0 E:\xampp\htdocs\Yiix\framework\web\CBaseController.php(95): CBaseController->renderInternal('E:\\xampp\\htdocs...', NULL, true)
#1 E:\xampp\htdocs\Yiix\framework\web\CController.php(869): CBaseController->renderFile('E:\\xampp\\htdocs...', NULL, true)
#2 E:\xampp\htdocs\Yiix\framework\web\CController.php(782): CController->renderPartial('profil-rumahsak...', NULL, true)
#3 E:\xampp\htdocs\e-health\protected\controllers\RumahSakitController.php(62): CController->render('profil-rumahsak...')
#4 E:\xampp\htdocs\Yiix\framework\web\actions\CInlineAction.php(49): RumahSakitController->actionRumahSakit()
#5 E:\xampp\htdocs\Yiix\framework\web\CController.php(308): CInlineAction->runWithParams(Array)
#6 E:\xampp\htdocs\Yiix\framework\web\filters\CFilterChain.php(133): CController->runAction(Object(CInlineAction))
#7 E:\xampp\htdocs\Yiix\framework\web\filters\CFilter.php(40): CFilterChain->run()
#8 E:\xampp\htdocs\Yiix\framework\web\CController.php(1145): CFilter->filter(Object(CFilterChain))
#9 E:\xampp\htdocs\Yiix\framework\web\filters\CInlineFilter.php(58): CController->filterAccessControl(Object(CFilterChain))
#10 E:\xampp\htdocs\Yiix\framework\web\filters\CFilterChain.php(130): CInlineFilter->filter(Object(CFilterChain))
#11 E:\xampp\htdocs\Yiix\framework\web\CController.php(291): CFilterChain->run()
#12 E:\xampp\htdocs\Yiix\framework\web\CController.php(265): CController->runActionWithFilters(Object(CInlineAction), Array)
#13 E:\xampp\htdocs\Yiix\framework\web\CWebApplication.php(282): CController->run('rumahsakit')
#14 E:\xampp\htdocs\Yiix\framework\web\CWebApplication.php(141): CWebApplication->runController('rumahSakit/ruma...')
#15 E:\xampp\htdocs\Yiix\framework\base\CApplication.php(184): CWebApplication->processRequest()
#16 E:\xampp\htdocs\e-health\index.php(13): CApplication->run()
#17 {main}
REQUEST_URI=/e-health/index.php?r=rumahSakit/rumahsakit
---
2017/12/21 10:30:42 [error] [php] Undefined variable: variable (E:\xampp\htdocs\e-health\protected\views\site\index.php:15)
Stack trace:
#0 E:\xampp\htdocs\Yiix\framework\web\CController.php(869): SiteController->renderFile()
#1 E:\xampp\htdocs\Yiix\framework\web\CController.php(782): SiteController->renderPartial()
#2 E:\xampp\htdocs\e-health\protected\controllers\SiteController.php(32): SiteController->render()
#3 E:\xampp\htdocs\Yiix\framework\web\actions\CInlineAction.php(49): SiteController->actionIndex()
#4 E:\xampp\htdocs\Yiix\framework\web\CController.php(308): CInlineAction->runWithParams()
#5 E:\xampp\htdocs\Yiix\framework\web\CController.php(286): SiteController->runAction()
#6 E:\xampp\htdocs\Yiix\framework\web\CController.php(265): SiteController->runActionWithFilters()
#7 E:\xampp\htdocs\Yiix\framework\web\CWebApplication.php(282): SiteController->run()
#8 E:\xampp\htdocs\Yiix\framework\web\CWebApplication.php(141): CWebApplication->runController()
#9 E:\xampp\htdocs\Yiix\framework\base\CApplication.php(184): CWebApplication->processRequest()
#10 E:\xampp\htdocs\e-health\index.php(13): CWebApplication->run()
REQUEST_URI=/e-health/
in E:\xampp\htdocs\e-health\protected\views\site\index.php (15)
in E:\xampp\htdocs\e-health\protected\controllers\SiteController.php (32)
in E:\xampp\htdocs\e-health\index.php (13)
2017/12/21 10:37:17 [error] [php] Undefined variable: idrumkit (E:\xampp\htdocs\e-health\protected\views\rumahSakit\profil-rumahsakit.php:108)
Stack trace:
#0 E:\xampp\htdocs\Yiix\framework\web\CController.php(869): RumahSakitController->renderFile()
#1 E:\xampp\htdocs\Yiix\framework\web\CController.php(782): RumahSakitController->renderPartial()
#2 E:\xampp\htdocs\e-health\protected\controllers\RumahSakitController.php(63): RumahSakitController->render()
#3 unknown(0): RumahSakitController->actionRumahSakit()
#4 E:\xampp\htdocs\Yiix\framework\web\actions\CAction.php(109): ReflectionMethod->invokeArgs()
#5 E:\xampp\htdocs\Yiix\framework\web\actions\CInlineAction.php(47): CInlineAction->runWithParamsInternal()
#6 E:\xampp\htdocs\Yiix\framework\web\CController.php(308): CInlineAction->runWithParams()
#7 E:\xampp\htdocs\Yiix\framework\web\filters\CFilterChain.php(133): RumahSakitController->runAction()
#8 E:\xampp\htdocs\Yiix\framework\web\filters\CFilter.php(40): CFilterChain->run()
#9 E:\xampp\htdocs\Yiix\framework\web\CController.php(1145): CAccessControlFilter->filter()
#10 E:\xampp\htdocs\Yiix\framework\web\filters\CInlineFilter.php(58): RumahSakitController->filterAccessControl()
#11 E:\xampp\htdocs\Yiix\framework\web\filters\CFilterChain.php(130): CInlineFilter->filter()
#12 E:\xampp\htdocs\Yiix\framework\web\CController.php(291): CFilterChain->run()
#13 E:\xampp\htdocs\Yiix\framework\web\CController.php(265): RumahSakitController->runActionWithFilters()
#14 E:\xampp\htdocs\Yiix\framework\web\CWebApplication.php(282): RumahSakitController->run()
#15 E:\xampp\htdocs\Yiix\framework\web\CWebApplication.php(141): CWebApplication->runController()
#16 E:\xampp\htdocs\Yiix\framework\base\CApplication.php(184): CWebApplication->processRequest()
#17 E:\xampp\htdocs\e-health\index.php(13): CWebApplication->run()
REQUEST_URI=/e-health/index.php?r=rumahSakit/rumahSakit&idrumkit=1
in E:\xampp\htdocs\e-health\protected\views\rumahSakit\profil-rumahsakit.php (108)
in E:\xampp\htdocs\e-health\protected\controllers\RumahSakitController.php (63)
in E:\xampp\htdocs\e-health\index.php (13)
2017/12/21 10:50:59 [error] [php] Undefined variable: model1 (E:\xampp\htdocs\e-health\protected\controllers\PendaftaranRumkitController.php:76)
Stack trace:
#0 E:\xampp\htdocs\Yiix\framework\web\actions\CInlineAction.php(47): CInlineAction->runWithParamsInternal()
#1 E:\xampp\htdocs\Yiix\framework\web\CController.php(308): CInlineAction->runWithParams()
#2 E:\xampp\htdocs\Yiix\framework\web\filters\CFilterChain.php(133): PendaftaranRumkitController->runAction()
#3 E:\xampp\htdocs\Yiix\framework\web\filters\CFilter.php(40): CFilterChain->run()
#4 E:\xampp\htdocs\Yiix\framework\web\CController.php(1145): CAccessControlFilter->filter()
#5 E:\xampp\htdocs\Yiix\framework\web\filters\CInlineFilter.php(58): PendaftaranRumkitController->filterAccessControl()
#6 E:\xampp\htdocs\Yiix\framework\web\filters\CFilterChain.php(130): CInlineFilter->filter()
#7 E:\xampp\htdocs\Yiix\framework\web\CController.php(291): CFilterChain->run()
#8 E:\xampp\htdocs\Yiix\framework\web\CController.php(265): PendaftaranRumkitController->runActionWithFilters()
#9 E:\xampp\htdocs\Yiix\framework\web\CWebApplication.php(282): PendaftaranRumkitController->run()
#10 E:\xampp\htdocs\Yiix\framework\web\CWebApplication.php(141): CWebApplication->runController()
#11 E:\xampp\htdocs\Yiix\framework\base\CApplication.php(184): CWebApplication->processRequest()
#12 E:\xampp\htdocs\e-health\index.php(13): CWebApplication->run()
REQUEST_URI=/e-health/index.php?r=pendaftaranRumkit/create&idrumkit=1&idpoli=13
in E:\xampp\htdocs\e-health\protected\controllers\PendaftaranRumkitController.php (76)
in E:\xampp\htdocs\e-health\index.php (13)
2017/12/21 10:52:14 [error] [exception.CException] CException: Property "PendaftaranRumkit.type_pasien" is not defined. in E:\xampp\htdocs\Yiix\framework\base\CComponent.php:173
Stack trace:
#0 E:\xampp\htdocs\Yiix\framework\db\ar\CActiveRecord.php(161): CComponent->__set('type_pasien', 'penduduk')
#1 E:\xampp\htdocs\e-health\protected\controllers\PendaftaranRumkitController.php(78): CActiveRecord->__set('type_pasien', 'penduduk')
#2 [internal function]: PendaftaranRumkitController->actionCreate('13', '1')
#3 E:\xampp\htdocs\Yiix\framework\web\actions\CAction.php(109): ReflectionMethod->invokeArgs(Object(PendaftaranRumkitController), Array)
#4 E:\xampp\htdocs\Yiix\framework\web\actions\CInlineAction.php(47): CAction->runWithParamsInternal(Object(PendaftaranRumkitController), Object(ReflectionMethod), Array)
#5 E:\xampp\htdocs\Yiix\framework\web\CController.php(308): CInlineAction->runWithParams(Array)
#6 E:\xampp\htdocs\Yiix\framework\web\filters\CFilterChain.php(133): CController->runAction(Object(CInlineAction))
#7 E:\xampp\htdocs\Yiix\framework\web\filters\CFilter.php(40): CFilterChain->run()
#8 E:\xampp\htdocs\Yiix\framework\web\CController.php(1145): CFilter->filter(Object(CFilterChain))
#9 E:\xampp\htdocs\Yiix\framework\web\filters\CInlineFilter.php(58): CController->filterAccessControl(Object(CFilterChain))
#10 E:\xampp\htdocs\Yiix\framework\web\filters\CFilterChain.php(130): CInlineFilter->filter(Object(CFilterChain))
#11 E:\xampp\htdocs\Yiix\framework\web\CController.php(291): CFilterChain->run()
#12 E:\xampp\htdocs\Yiix\framework\web\CController.php(265): CController->runActionWithFilters(Object(CInlineAction), Array)
#13 E:\xampp\htdocs\Yiix\framework\web\CWebApplication.php(282): CController->run('create')
#14 E:\xampp\htdocs\Yiix\framework\web\CWebApplication.php(141): CWebApplication->runController('pendaftaranRumk...')
#15 E:\xampp\htdocs\Yiix\framework\base\CApplication.php(184): CWebApplication->processRequest()
#16 E:\xampp\htdocs\e-health\index.php(13): CApplication->run()
#17 {main}
REQUEST_URI=/e-health/index.php?r=pendaftaranRumkit/create&idrumkit=1&idpoli=13
HTTP_REFERER=http://localhost/e-health/index.php?r=pendaftaranRumkit/create&idrumkit=1&idpoli=13
---
2017/12/21 10:52:27 [error] [exception.CHttpException.404] CHttpException: The requested page does not exist. in E:\xampp\htdocs\e-health\protected\controllers\PendaftaranRumkitController.php:167
Stack trace:
#0 E:\xampp\htdocs\e-health\protected\controllers\PendaftaranRumkitController.php(55): PendaftaranRumkitController->loadModel('')
#1 [internal function]: PendaftaranRumkitController->actionView('')
#2 E:\xampp\htdocs\Yiix\framework\web\actions\CAction.php(109): ReflectionMethod->invokeArgs(Object(PendaftaranRumkitController), Array)
#3 E:\xampp\htdocs\Yiix\framework\web\actions\CInlineAction.php(47): CAction->runWithParamsInternal(Object(PendaftaranRumkitController), Object(ReflectionMethod), Array)
#4 E:\xampp\htdocs\Yiix\framework\web\CController.php(308): CInlineAction->runWithParams(Array)
#5 E:\xampp\htdocs\Yiix\framework\web\filters\CFilterChain.php(133): CController->runAction(Object(CInlineAction))
#6 E:\xampp\htdocs\Yiix\framework\web\filters\CFilter.php(40): CFilterChain->run()
#7 E:\xampp\htdocs\Yiix\framework\web\CController.php(1145): CFilter->filter(Object(CFilterChain))
#8 E:\xampp\htdocs\Yiix\framework\web\filters\CInlineFilter.php(58): CController->filterAccessControl(Object(CFilterChain))
#9 E:\xampp\htdocs\Yiix\framework\web\filters\CFilterChain.php(130): CInlineFilter->filter(Object(CFilterChain))
#10 E:\xampp\htdocs\Yiix\framework\web\CController.php(291): CFilterChain->run()
#11 E:\xampp\htdocs\Yiix\framework\web\CController.php(265): CController->runActionWithFilters(Object(CInlineAction), Array)
#12 E:\xampp\htdocs\Yiix\framework\web\CWebApplication.php(282): CController->run('view')
#13 E:\xampp\htdocs\Yiix\framework\web\CWebApplication.php(141): CWebApplication->runController('pendaftaranRumk...')
#14 E:\xampp\htdocs\Yiix\framework\base\CApplication.php(184): CWebApplication->processRequest()
#15 E:\xampp\htdocs\e-health\index.php(13): CApplication->run()
#16 {main}
REQUEST_URI=/e-health/index.php?r=pendaftaranRumkit/view&id=
HTTP_REFERER=http://localhost/e-health/index.php?r=pendaftaranRumkit/create&idrumkit=1&idpoli=13
---
2017/12/21 10:58:06 [error] [exception.CHttpException.404] CHttpException: The requested page does not exist. in E:\xampp\htdocs\e-health\protected\controllers\PendaftaranRumkitController.php:167
Stack trace:
#0 E:\xampp\htdocs\e-health\protected\controllers\PendaftaranRumkitController.php(55): PendaftaranRumkitController->loadModel('')
#1 [internal function]: PendaftaranRumkitController->actionView('')
#2 E:\xampp\htdocs\Yiix\framework\web\actions\CAction.php(109): ReflectionMethod->invokeArgs(Object(PendaftaranRumkitController), Array)
#3 E:\xampp\htdocs\Yiix\framework\web\actions\CInlineAction.php(47): CAction->runWithParamsInternal(Object(PendaftaranRumkitController), Object(ReflectionMethod), Array)
#4 E:\xampp\htdocs\Yiix\framework\web\CController.php(308): CInlineAction->runWithParams(Array)
#5 E:\xampp\htdocs\Yiix\framework\web\filters\CFilterChain.php(133): CController->runAction(Object(CInlineAction))
#6 E:\xampp\htdocs\Yiix\framework\web\filters\CFilter.php(40): CFilterChain->run()
#7 E:\xampp\htdocs\Yiix\framework\web\CController.php(1145): CFilter->filter(Object(CFilterChain))
#8 E:\xampp\htdocs\Yiix\framework\web\filters\CInlineFilter.php(58): CController->filterAccessControl(Object(CFilterChain))
#9 E:\xampp\htdocs\Yiix\framework\web\filters\CFilterChain.php(130): CInlineFilter->filter(Object(CFilterChain))
#10 E:\xampp\htdocs\Yiix\framework\web\CController.php(291): CFilterChain->run()
#11 E:\xampp\htdocs\Yiix\framework\web\CController.php(265): CController->runActionWithFilters(Object(CInlineAction), Array)
#12 E:\xampp\htdocs\Yiix\framework\web\CWebApplication.php(282): CController->run('view')
#13 E:\xampp\htdocs\Yiix\framework\web\CWebApplication.php(141): CWebApplication->runController('pendaftaranRumk...')
#14 E:\xampp\htdocs\Yiix\framework\base\CApplication.php(184): CWebApplication->processRequest()
#15 E:\xampp\htdocs\e-health\index.php(13): CApplication->run()
#16 {main}
REQUEST_URI=/e-health/index.php?r=pendaftaranRumkit/view&id=
HTTP_REFERER=http://localhost/e-health/index.php?r=pendaftaranRumkit/create&idrumkit=1&idpoli=13
---
2017/12/21 10:58:44 [error] [exception.CHttpException.404] CHttpException: The requested page does not exist. in E:\xampp\htdocs\e-health\protected\controllers\PendaftaranRumkitController.php:167
Stack trace:
#0 E:\xampp\htdocs\e-health\protected\controllers\PendaftaranRumkitController.php(55): PendaftaranRumkitController->loadModel('')
#1 [internal function]: PendaftaranRumkitController->actionView('')
#2 E:\xampp\htdocs\Yiix\framework\web\actions\CAction.php(109): ReflectionMethod->invokeArgs(Object(PendaftaranRumkitController), Array)
#3 E:\xampp\htdocs\Yiix\framework\web\actions\CInlineAction.php(47): CAction->runWithParamsInternal(Object(PendaftaranRumkitController), Object(ReflectionMethod), Array)
#4 E:\xampp\htdocs\Yiix\framework\web\CController.php(308): CInlineAction->runWithParams(Array)
#5 E:\xampp\htdocs\Yiix\framework\web\filters\CFilterChain.php(133): CController->runAction(Object(CInlineAction))
#6 E:\xampp\htdocs\Yiix\framework\web\filters\CFilter.php(40): CFilterChain->run()
#7 E:\xampp\htdocs\Yiix\framework\web\CController.php(1145): CFilter->filter(Object(CFilterChain))
#8 E:\xampp\htdocs\Yiix\framework\web\filters\CInlineFilter.php(58): CController->filterAccessControl(Object(CFilterChain))
#9 E:\xampp\htdocs\Yiix\framework\web\filters\CFilterChain.php(130): CInlineFilter->filter(Object(CFilterChain))
#10 E:\xampp\htdocs\Yiix\framework\web\CController.php(291): CFilterChain->run()
#11 E:\xampp\htdocs\Yiix\framework\web\CController.php(265): CController->runActionWithFilters(Object(CInlineAction), Array)
#12 E:\xampp\htdocs\Yiix\framework\web\CWebApplication.php(282): CController->run('view')
#13 E:\xampp\htdocs\Yiix\framework\web\CWebApplication.php(141): CWebApplication->runController('pendaftaranRumk...')
#14 E:\xampp\htdocs\Yiix\framework\base\CApplication.php(184): CWebApplication->processRequest()
#15 E:\xampp\htdocs\e-health\index.php(13): CApplication->run()
#16 {main}
REQUEST_URI=/e-health/index.php?r=pendaftaranRumkit/view&id=
HTTP_REFERER=http://localhost/e-health/index.php?r=pendaftaranRumkit/create&idrumkit=1&idpoli=13
---
2017/12/21 10:58:46 [error] [exception.CHttpException.404] CHttpException: The requested page does not exist. in E:\xampp\htdocs\e-health\protected\controllers\PendaftaranRumkitController.php:167
Stack trace:
#0 E:\xampp\htdocs\e-health\protected\controllers\PendaftaranRumkitController.php(55): PendaftaranRumkitController->loadModel('')
#1 [internal function]: PendaftaranRumkitController->actionView('')
#2 E:\xampp\htdocs\Yiix\framework\web\actions\CAction.php(109): ReflectionMethod->invokeArgs(Object(PendaftaranRumkitController), Array)
#3 E:\xampp\htdocs\Yiix\framework\web\actions\CInlineAction.php(47): CAction->runWithParamsInternal(Object(PendaftaranRumkitController), Object(ReflectionMethod), Array)
#4 E:\xampp\htdocs\Yiix\framework\web\CController.php(308): CInlineAction->runWithParams(Array)
#5 E:\xampp\htdocs\Yiix\framework\web\filters\CFilterChain.php(133): CController->runAction(Object(CInlineAction))
#6 E:\xampp\htdocs\Yiix\framework\web\filters\CFilter.php(40): CFilterChain->run()
#7 E:\xampp\htdocs\Yiix\framework\web\CController.php(1145): CFilter->filter(Object(CFilterChain))
#8 E:\xampp\htdocs\Yiix\framework\web\filters\CInlineFilter.php(58): CController->filterAccessControl(Object(CFilterChain))
#9 E:\xampp\htdocs\Yiix\framework\web\filters\CFilterChain.php(130): CInlineFilter->filter(Object(CFilterChain))
#10 E:\xampp\htdocs\Yiix\framework\web\CController.php(291): CFilterChain->run()
#11 E:\xampp\htdocs\Yiix\framework\web\CController.php(265): CController->runActionWithFilters(Object(CInlineAction), Array)
#12 E:\xampp\htdocs\Yiix\framework\web\CWebApplication.php(282): CController->run('view')
#13 E:\xampp\htdocs\Yiix\framework\web\CWebApplication.php(141): CWebApplication->runController('pendaftaranRumk...')
#14 E:\xampp\htdocs\Yiix\framework\base\CApplication.php(184): CWebApplication->processRequest()
#15 E:\xampp\htdocs\e-health\index.php(13): CApplication->run()
#16 {main}
REQUEST_URI=/e-health/index.php?r=pendaftaranRumkit/view&id=
HTTP_REFERER=http://localhost/e-health/index.php?r=pendaftaranRumkit/create&idrumkit=1&idpoli=13
---
